<?xml version="1.0" encoding="UTF-8"?>
<testng-results skipped="0" failed="0" total="1" passed="1">
  <reporter-output>
  </reporter-output>
  <suite name="Suite" duration-ms="4527" started-at="2021-09-15T06:27:51Z" finished-at="2021-09-15T06:27:56Z">
    <groups>
    </groups>
    <test name="Test" duration-ms="4527" started-at="2021-09-15T06:27:51Z" finished-at="2021-09-15T06:27:56Z">
      <class name="test2.test2.CICD">
        <test-method status="PASS" signature="beforeTest()[pri:0, instance:test2.test2.CICD@41ee392b]" name="beforeTest" is-config="true" duration-ms="7" started-at="2021-09-15T09:27:51Z" finished-at="2021-09-15T09:27:51Z">
          <reporter-output>
          </reporter-output>
        </test-method> <!-- beforeTest -->
        <test-method status="PASS" signature="test()[pri:0, instance:test2.test2.CICD@41ee392b]" name="test" duration-ms="4509" started-at="2021-09-15T09:27:51Z" finished-at="2021-09-15T09:27:56Z">
          <reporter-output>
          </reporter-output>
        </test-method> <!-- test -->
      </class> <!-- test2.test2.CICD -->
    </test> <!-- Test -->
  </suite> <!-- Suite -->
</testng-results>
