<?xml version="1.0" encoding="UTF-8"?>
<testng-results skipped="0" failed="0" total="1" passed="1">
  <reporter-output>
  </reporter-output>
  <suite name="Suite" duration-ms="4672" started-at="2021-09-15T06:24:25Z" finished-at="2021-09-15T06:24:30Z">
    <groups>
    </groups>
    <test name="Test" duration-ms="4672" started-at="2021-09-15T06:24:25Z" finished-at="2021-09-15T06:24:30Z">
      <class name="test2.test2.CICD">
        <test-method status="PASS" signature="beforeTest()[pri:0, instance:test2.test2.CICD@49b0b76]" name="beforeTest" is-config="true" duration-ms="10" started-at="2021-09-15T09:24:25Z" finished-at="2021-09-15T09:24:25Z">
          <reporter-output>
          </reporter-output>
        </test-method> <!-- beforeTest -->
        <test-method status="PASS" signature="test()[pri:0, instance:test2.test2.CICD@49b0b76]" name="test" duration-ms="4648" started-at="2021-09-15T09:24:25Z" finished-at="2021-09-15T09:24:30Z">
          <reporter-output>
          </reporter-output>
        </test-method> <!-- test -->
      </class> <!-- test2.test2.CICD -->
    </test> <!-- Test -->
  </suite> <!-- Suite -->
</testng-results>
